# JRE version: OpenJDK Runtime Environment (21.0.6) (build 21.0.6+-13355223-b631.42)
# Java VM: OpenJDK 64-Bit Server VM (21.0.6+-13355223-b631.42, mixed mode, tiered, compressed oops, compressed class ptrs, g1 gc, linux-amd64)
GC Precious Log:
 CardTable entry size: 512
 Card Set container configuration: InlinePtr #cards 5 size 8 Array Of Cards #cards 12 size 40 Howl #buckets 4 coarsen threshold 1843 Howl Bitmap #cards 512 size 80 coarsen threshold 460 Card regions per heap region 1 cards per card region 2048
 CPUs: 4 total, 4 available
 Memory: 27957M
 Large Page Support: Disabled
 NUMA Support: Disabled
 Compressed Oops: Enabled (32-bit)
 Heap Region Size: 1M
 Heap Min Capacity: 8M
 Heap Initial Capacity: 438M
 Heap Max Capacity: 2G
 Pre-touch: Disabled
 Parallel Workers: 4
 Concurrent Workers: 1
 Concurrent Refinement Workers: 4
 Periodic GC: Disabled
Heap:
 garbage-first heap   total 185344K, used 124031K [0x0000000080000000, 0x0000000100000000)
  region size 1024K, 18 young (18432K), 4 survivors (4096K)
 Metaspace       used 82935K, committed 84928K, reserved 1179648K
  class space    used 11245K, committed 12224K, reserved 1048576K
GC Heap History (20 events):
Event: 2,511 GC heap before
{Heap before GC invocations=8 (full 0):
 garbage-first heap   total 259072K, used 47208K [0x0000000080000000, 0x0000000100000000)
  region size 1024K, 13 young (13312K), 5 survivors (5120K)
 Metaspace       used 35252K, committed 36160K, reserved 1114112K
  class space    used 4787K, committed 5248K, reserved 1048576K
}
Event: 2,528 GC heap after
{Heap after GC invocations=9 (full 0):
 garbage-first heap   total 259072K, used 43284K [0x0000000080000000, 0x0000000100000000)
  region size 1024K, 8 young (8192K), 8 survivors (8192K)
 Metaspace       used 35252K, committed 36160K, reserved 1114112K
  class space    used 4787K, committed 5248K, reserved 1048576K
}
Event: 3,454 GC heap before
{Heap before GC invocations=10 (full 0):
 garbage-first heap   total 150528K, used 124180K [0x0000000080000000, 0x0000000100000000)
  region size 1024K, 88 young (90112K), 8 survivors (8192K)
 Metaspace       used 48530K, committed 49856K, reserved 1114112K
  class space    used 6634K, committed 7296K, reserved 1048576K
}
Event: 3,463 GC heap after
{Heap after GC invocations=11 (full 0):
 garbage-first heap   total 150528K, used 49886K [0x0000000080000000, 0x0000000100000000)
  region size 1024K, 11 young (11264K), 11 survivors (11264K)
 Metaspace       used 48530K, committed 49856K, reserved 1114112K
  class space    used 6634K, committed 7296K, reserved 1048576K
}
Event: 4,169 GC heap before
{Heap before GC invocations=11 (full 0):
 garbage-first heap   total 150528K, used 124638K [0x0000000080000000, 0x0000000100000000)
  region size 1024K, 80 young (81920K), 11 survivors (11264K)
 Metaspace       used 55258K, committed 56704K, reserved 1114112K
  class space    used 7553K, committed 8256K, reserved 1048576K
}
Event: 4,182 GC heap after
{Heap after GC invocations=12 (full 0):
 garbage-first heap   total 150528K, used 55960K [0x0000000080000000, 0x0000000100000000)
  region size 1024K, 6 young (6144K), 6 survivors (6144K)
 Metaspace       used 55258K, committed 56704K, reserved 1114112K
  class space    used 7553K, committed 8256K, reserved 1048576K
}
Event: 4,714 GC heap before
{Heap before GC invocations=12 (full 0):
 garbage-first heap   total 150528K, used 123544K [0x0000000080000000, 0x0000000100000000)
  region size 1024K, 58 young (59392K), 6 survivors (6144K)
 Metaspace       used 59056K, committed 60608K, reserved 1114112K
  class space    used 7958K, committed 8704K, reserved 1048576K
}
Event: 4,725 GC heap after
{Heap after GC invocations=13 (full 0):
 garbage-first heap   total 150528K, used 78098K [0x0000000080000000, 0x0000000100000000)
  region size 1024K, 8 young (8192K), 8 survivors (8192K)
 Metaspace       used 59056K, committed 60608K, reserved 1114112K
  class space    used 7958K, committed 8704K, reserved 1048576K
}
Event: 5,297 GC heap before
{Heap before GC invocations=14 (full 0):
 garbage-first heap   total 150528K, used 128274K [0x0000000080000000, 0x0000000100000000)
  region size 1024K, 57 young (58368K), 8 survivors (8192K)
 Metaspace       used 66104K, committed 67712K, reserved 1114112K
  class space    used 9006K, committed 9792K, reserved 1048576K
}
Event: 5,306 GC heap after
{Heap after GC invocations=15 (full 0):
 garbage-first heap   total 150528K, used 79841K [0x0000000080000000, 0x0000000100000000)
  region size 1024K, 3 young (3072K), 3 survivors (3072K)
 Metaspace       used 66104K, committed 67712K, reserved 1114112K
  class space    used 9006K, committed 9792K, reserved 1048576K
}
Event: 5,881 GC heap before
{Heap before GC invocations=15 (full 0):
 garbage-first heap   total 150528K, used 131041K [0x0000000080000000, 0x0000000100000000)
  region size 1024K, 53 young (54272K), 3 survivors (3072K)
 Metaspace       used 71604K, committed 73408K, reserved 1114112K
  class space    used 9888K, committed 10752K, reserved 1048576K
}
Event: 5,898 GC heap after
{Heap after GC invocations=16 (full 0):
 garbage-first heap   total 150528K, used 82387K [0x0000000080000000, 0x0000000100000000)
  region size 1024K, 6 young (6144K), 6 survivors (6144K)
 Metaspace       used 71604K, committed 73408K, reserved 1114112K
  class space    used 9888K, committed 10752K, reserved 1048576K
}
Event: 6,388 GC heap before
{Heap before GC invocations=16 (full 0):
 garbage-first heap   total 150528K, used 133587K [0x0000000080000000, 0x0000000100000000)
  region size 1024K, 56 young (57344K), 6 survivors (6144K)
 Metaspace       used 72743K, committed 74560K, reserved 1114112K
  class space    used 9967K, committed 10880K, reserved 1048576K
}
Event: 6,400 GC heap after
{Heap after GC invocations=17 (full 0):
 garbage-first heap   total 181248K, used 86605K [0x0000000080000000, 0x0000000100000000)
  region size 1024K, 7 young (7168K), 7 survivors (7168K)
 Metaspace       used 72743K, committed 74560K, reserved 1114112K
  class space    used 9967K, committed 10880K, reserved 1048576K
}
Event: 6,883 GC heap before
{Heap before GC invocations=18 (full 0):
 garbage-first heap   total 181248K, used 160333K [0x0000000080000000, 0x0000000100000000)
  region size 1024K, 80 young (81920K), 7 survivors (7168K)
 Metaspace       used 72974K, committed 74752K, reserved 1114112K
  class space    used 9967K, committed 10880K, reserved 1048576K
}
Event: 6,890 GC heap after
{Heap after GC invocations=19 (full 0):
 garbage-first heap   total 181248K, used 90734K [0x0000000080000000, 0x0000000100000000)
  region size 1024K, 8 young (8192K), 8 survivors (8192K)
 Metaspace       used 72974K, committed 74752K, reserved 1114112K
  class space    used 9967K, committed 10880K, reserved 1048576K
}
Event: 7,332 GC heap before
{Heap before GC invocations=19 (full 0):
 garbage-first heap   total 181248K, used 168558K [0x0000000080000000, 0x0000000100000000)
  region size 1024K, 78 young (79872K), 8 survivors (8192K)
 Metaspace       used 76702K, committed 78592K, reserved 1179648K
  class space    used 10426K, committed 11328K, reserved 1048576K
}
Event: 7,343 GC heap after
{Heap after GC invocations=20 (full 0):
 garbage-first heap   total 185344K, used 101265K [0x0000000080000000, 0x0000000100000000)
  region size 1024K, 10 young (10240K), 10 survivors (10240K)
 Metaspace       used 76702K, committed 78592K, reserved 1179648K
  class space    used 10426K, committed 11328K, reserved 1048576K
}
Event: 7,847 GC heap before
{Heap before GC invocations=20 (full 0):
 garbage-first heap   total 185344K, used 150417K [0x0000000080000000, 0x0000000100000000)
  region size 1024K, 59 young (60416K), 10 survivors (10240K)
 Metaspace       used 82742K, committed 84672K, reserved 1179648K
  class space    used 11206K, committed 12160K, reserved 1048576K
}
Event: 7,855 GC heap after
{Heap after GC invocations=21 (full 0):
 garbage-first heap   total 185344K, used 105599K [0x0000000080000000, 0x0000000100000000)
  region size 1024K, 4 young (4096K), 4 survivors (4096K)
 Metaspace       used 82742K, committed 84672K, reserved 1179648K
  class space    used 11206K, committed 12160K, reserved 1048576K
}

